{"C:\\Users\\hector.sampieri\\Desktop\\Curso Innovacion  virtual\\BackEndMission\\studentsVS-API\\lib\\controllers\\StudentController.js": {"path":"C:\\Users\\hector.sampieri\\Desktop\\Curso Innovacion  virtual\\BackEndMission\\studentsVS-API\\lib\\controllers\\StudentController.js","statementMap":{"0":{"start":{"line":1,"column":22},"end":{"line":1,"column":59}},"1":{"start":{"line":2,"column":15},"end":{"line":2,"column":41}},"2":{"start":{"line":3,"column":12},"end":{"line":3,"column":40}},"3":{"start":{"line":7,"column":25},"end":{"line":7,"column":50}},"4":{"start":{"line":8,"column":8},"end":{"line":8,"column":55}},"5":{"start":{"line":11,"column":25},"end":{"line":11,"column":50}},"6":{"start":{"line":12,"column":8},"end":{"line":12,"column":65}},"7":{"start":{"line":16,"column":25},"end":{"line":16,"column":50}},"8":{"start":{"line":17,"column":8},"end":{"line":17,"column":69}},"9":{"start":{"line":21,"column":0},"end":{"line":21,"column":35}}},"fnMap":{"0":{"name":"(anonymous_0)","decl":{"start":{"line":6,"column":4},"end":{"line":6,"column":5}},"loc":{"start":{"line":6,"column":27},"end":{"line":9,"column":5}},"line":6},"1":{"name":"(anonymous_1)","decl":{"start":{"line":10,"column":4},"end":{"line":10,"column":5}},"loc":{"start":{"line":10,"column":37},"end":{"line":13,"column":5}},"line":10},"2":{"name":"(anonymous_2)","decl":{"start":{"line":15,"column":4},"end":{"line":15,"column":5}},"loc":{"start":{"line":15,"column":40},"end":{"line":18,"column":5}},"line":15}},"branchMap":{},"s":{"0":1,"1":1,"2":1,"3":1,"4":1,"5":1,"6":1,"7":1,"8":1,"9":1},"f":{"0":1,"1":1,"2":1},"b":{},"_coverageSchema":"1a1c01bbd47fc00a2c39e90264f33305004495a9","hash":"ef845b831904af8e27fd9385b776e05c67c9328d"}
,"C:\\Users\\hector.sampieri\\Desktop\\Curso Innovacion  virtual\\BackEndMission\\studentsVS-API\\lib\\services\\StudentService.js": {"path":"C:\\Users\\hector.sampieri\\Desktop\\Curso Innovacion  virtual\\BackEndMission\\studentsVS-API\\lib\\services\\StudentService.js","statementMap":{"0":{"start":{"line":3,"column":8},"end":{"line":3,"column":24}},"1":{"start":{"line":6,"column":36},"end":{"line":6,"column":100}},"2":{"start":{"line":6,"column":65},"end":{"line":6,"column":99}},"3":{"start":{"line":7,"column":8},"end":{"line":7,"column":67}},"4":{"start":{"line":7,"column":52},"end":{"line":7,"column":65}},"5":{"start":{"line":10,"column":8},"end":{"line":10,"column":70}},"6":{"start":{"line":10,"column":45},"end":{"line":10,"column":68}},"7":{"start":{"line":14,"column":0},"end":{"line":14,"column":32}}},"fnMap":{"0":{"name":"(anonymous_0)","decl":{"start":{"line":2,"column":4},"end":{"line":2,"column":5}},"loc":{"start":{"line":2,"column":35},"end":{"line":4,"column":5}},"line":2},"1":{"name":"(anonymous_1)","decl":{"start":{"line":5,"column":4},"end":{"line":5,"column":5}},"loc":{"start":{"line":5,"column":45},"end":{"line":8,"column":5}},"line":5},"2":{"name":"(anonymous_2)","decl":{"start":{"line":6,"column":52},"end":{"line":6,"column":53}},"loc":{"start":{"line":6,"column":65},"end":{"line":6,"column":99}},"line":6},"3":{"name":"(anonymous_3)","decl":{"start":{"line":7,"column":39},"end":{"line":7,"column":40}},"loc":{"start":{"line":7,"column":52},"end":{"line":7,"column":65}},"line":7},"4":{"name":"(anonymous_4)","decl":{"start":{"line":9,"column":4},"end":{"line":9,"column":5}},"loc":{"start":{"line":9,"column":49},"end":{"line":11,"column":5}},"line":9},"5":{"name":"(anonymous_5)","decl":{"start":{"line":10,"column":32},"end":{"line":10,"column":33}},"loc":{"start":{"line":10,"column":45},"end":{"line":10,"column":68}},"line":10}},"branchMap":{},"s":{"0":2,"1":2,"2":53,"3":2,"4":30,"5":2,"6":53,"7":2},"f":{"0":2,"1":2,"2":53,"3":30,"4":2,"5":53},"b":{},"_coverageSchema":"1a1c01bbd47fc00a2c39e90264f33305004495a9","hash":"c3efba42b4b80c9ba58d0be05a8e1f640e30e7e2"}
,"C:\\Users\\hector.sampieri\\Desktop\\Curso Innovacion  virtual\\BackEndMission\\studentsVS-API\\lib\\utils\\Reader.js": {"path":"C:\\Users\\hector.sampieri\\Desktop\\Curso Innovacion  virtual\\BackEndMission\\studentsVS-API\\lib\\utils\\Reader.js","statementMap":{"0":{"start":{"line":1,"column":11},"end":{"line":1,"column":24}},"1":{"start":{"line":4,"column":24},"end":{"line":4,"column":45}},"2":{"start":{"line":5,"column":8},"end":{"line":5,"column":35}},"3":{"start":{"line":9,"column":0},"end":{"line":9,"column":24}}},"fnMap":{"0":{"name":"(anonymous_0)","decl":{"start":{"line":3,"column":4},"end":{"line":3,"column":5}},"loc":{"start":{"line":3,"column":29},"end":{"line":6,"column":5}},"line":3}},"branchMap":{},"s":{"0":2,"1":4,"2":4,"3":2},"f":{"0":4},"b":{},"_coverageSchema":"1a1c01bbd47fc00a2c39e90264f33305004495a9","hash":"3eb8852b7bfc4b9f722cd7a98d22151853f709d7"}
}
