TN:
SF:lib\controllers\StudentController.js
FN:6,(anonymous_0)
FN:10,(anonymous_1)
FN:15,(anonymous_2)
FNF:3
FNH:3
FNDA:1,(anonymous_0)
FNDA:1,(anonymous_1)
FNDA:1,(anonymous_2)
DA:1,1
DA:2,1
DA:3,1
DA:7,1
DA:8,1
DA:11,1
DA:12,1
DA:16,1
DA:17,1
DA:21,1
LF:10
LH:10
BRF:0
BRH:0
end_of_record
TN:
SF:lib\services\StudentService.js
FN:2,(anonymous_0)
FN:5,(anonymous_1)
FN:6,(anonymous_2)
FN:7,(anonymous_3)
FN:9,(anonymous_4)
FN:10,(anonymous_5)
FNF:6
FNH:6
FNDA:2,(anonymous_0)
FNDA:2,(anonymous_1)
FNDA:53,(anonymous_2)
FNDA:30,(anonymous_3)
FNDA:2,(anonymous_4)
FNDA:53,(anonymous_5)
DA:3,2
DA:6,53
DA:7,30
DA:10,53
DA:14,2
LF:5
LH:5
BRF:0
BRH:0
end_of_record
TN:
SF:lib\utils\Reader.js
FN:3,(anonymous_0)
FNF:1
FNH:1
FNDA:4,(anonymous_0)
DA:1,2
DA:4,4
DA:5,4
DA:9,2
LF:4
LH:4
BRF:0
BRH:0
end_of_record
